3. fetched raw.githubusercontent.com/elastic/elasticsearch/v1.7.6/rest-api-spec/api/cat.allocation.json
2. fetched raw.githubusercontent.com/elastic/elasticsearch/v1.7.6/rest-api-spec/api/cat.aliases.json
1. fetched raw.githubusercontent.com/elastic/elasticsearch/v1.7.6/rest-api-spec/api/bulk.json
5. fetched raw.githubusercontent.com/elastic/elasticsearch/v1.7.6/rest-api-spec/api/cat.fielddata.json
4. fetched raw.githubusercontent.com/elastic/elasticsearch/v1.7.6/rest-api-spec/api/cat.count.json
6. fetched raw.githubusercontent.com/elastic/elasticsearch/v1.7.6/rest-api-spec/api/cat.health.json
7. fetched raw.githubusercontent.com/elastic/elasticsearch/v1.7.6/rest-api-spec/api/cat.help.json
8. fetched raw.githubusercontent.com/elastic/elasticsearch/v1.7.6/rest-api-spec/api/cat.indices.json
9. fetched raw.githubusercontent.com/elastic/elasticsearch/v1.7.6/rest-api-spec/api/cat.master.json
10. fetched raw.githubusercontent.com/elastic/elasticsearch/v1.7.6/rest-api-spec/api/cat.nodes.json
11. fetched raw.githubusercontent.com/elastic/elasticsearch/v1.7.6/rest-api-spec/api/cat.pending_tasks.json
12. fetched raw.githubusercontent.com/elastic/elasticsearch/v1.7.6/rest-api-spec/api/cat.plugins.json
13. fetched raw.githubusercontent.com/elastic/elasticsearch/v1.7.6/rest-api-spec/api/cat.recovery.json
14. fetched raw.githubusercontent.com/elastic/elasticsearch/v1.7.6/rest-api-spec/api/cat.segments.json
16. fetched raw.githubusercontent.com/elastic/elasticsearch/v1.7.6/rest-api-spec/api/cat.thread_pool.json
17. fetched raw.githubusercontent.com/elastic/elasticsearch/v1.7.6/rest-api-spec/api/clear_scroll.json
15. fetched raw.githubusercontent.com/elastic/elasticsearch/v1.7.6/rest-api-spec/api/cat.shards.json
18. fetched raw.githubusercontent.com/elastic/elasticsearch/v1.7.6/rest-api-spec/api/cluster.get_settings.json
19. fetched raw.githubusercontent.com/elastic/elasticsearch/v1.7.6/rest-api-spec/api/cluster.health.json
21. fetched raw.githubusercontent.com/elastic/elasticsearch/v1.7.6/rest-api-spec/api/cluster.put_settings.json
20. fetched raw.githubusercontent.com/elastic/elasticsearch/v1.7.6/rest-api-spec/api/cluster.pending_tasks.json
24. fetched raw.githubusercontent.com/elastic/elasticsearch/v1.7.6/rest-api-spec/api/cluster.stats.json
22. fetched raw.githubusercontent.com/elastic/elasticsearch/v1.7.6/rest-api-spec/api/cluster.reroute.json
23. fetched raw.githubusercontent.com/elastic/elasticsearch/v1.7.6/rest-api-spec/api/cluster.state.json
25. fetched raw.githubusercontent.com/elastic/elasticsearch/v1.7.6/rest-api-spec/api/count.json
26. fetched raw.githubusercontent.com/elastic/elasticsearch/v1.7.6/rest-api-spec/api/count_percolate.json
28. fetched raw.githubusercontent.com/elastic/elasticsearch/v1.7.6/rest-api-spec/api/delete_by_query.json
27. fetched raw.githubusercontent.com/elastic/elasticsearch/v1.7.6/rest-api-spec/api/delete.json
32. fetched raw.githubusercontent.com/elastic/elasticsearch/v1.7.6/rest-api-spec/api/explain.json
34. fetched raw.githubusercontent.com/elastic/elasticsearch/v1.7.6/rest-api-spec/api/get.json
29. fetched raw.githubusercontent.com/elastic/elasticsearch/v1.7.6/rest-api-spec/api/delete_script.json
33. fetched raw.githubusercontent.com/elastic/elasticsearch/v1.7.6/rest-api-spec/api/field_stats.json
30. fetched raw.githubusercontent.com/elastic/elasticsearch/v1.7.6/rest-api-spec/api/delete_template.json
31. fetched raw.githubusercontent.com/elastic/elasticsearch/v1.7.6/rest-api-spec/api/exists.json
35. fetched raw.githubusercontent.com/elastic/elasticsearch/v1.7.6/rest-api-spec/api/get_script.json
38. fetched raw.githubusercontent.com/elastic/elasticsearch/v1.7.6/rest-api-spec/api/index.json
36. fetched raw.githubusercontent.com/elastic/elasticsearch/v1.7.6/rest-api-spec/api/get_source.json
39. fetched raw.githubusercontent.com/elastic/elasticsearch/v1.7.6/rest-api-spec/api/indices.analyze.json
40. fetched raw.githubusercontent.com/elastic/elasticsearch/v1.7.6/rest-api-spec/api/indices.clear_cache.json
37. fetched raw.githubusercontent.com/elastic/elasticsearch/v1.7.6/rest-api-spec/api/get_template.json
42. fetched raw.githubusercontent.com/elastic/elasticsearch/v1.7.6/rest-api-spec/api/indices.create.json
41. fetched raw.githubusercontent.com/elastic/elasticsearch/v1.7.6/rest-api-spec/api/indices.close.json
43. fetched raw.githubusercontent.com/elastic/elasticsearch/v1.7.6/rest-api-spec/api/indices.delete.json
44. fetched raw.githubusercontent.com/elastic/elasticsearch/v1.7.6/rest-api-spec/api/indices.delete_alias.json
48. fetched raw.githubusercontent.com/elastic/elasticsearch/v1.7.6/rest-api-spec/api/indices.exists.json
45. fetched raw.githubusercontent.com/elastic/elasticsearch/v1.7.6/rest-api-spec/api/indices.delete_mapping.json
47. fetched raw.githubusercontent.com/elastic/elasticsearch/v1.7.6/rest-api-spec/api/indices.delete_warmer.json
46. fetched raw.githubusercontent.com/elastic/elasticsearch/v1.7.6/rest-api-spec/api/indices.delete_template.json
49. fetched raw.githubusercontent.com/elastic/elasticsearch/v1.7.6/rest-api-spec/api/indices.exists_alias.json
50. fetched raw.githubusercontent.com/elastic/elasticsearch/v1.7.6/rest-api-spec/api/indices.exists_template.json
51. fetched raw.githubusercontent.com/elastic/elasticsearch/v1.7.6/rest-api-spec/api/indices.exists_type.json
54. fetched raw.githubusercontent.com/elastic/elasticsearch/v1.7.6/rest-api-spec/api/indices.get.json
53. fetched raw.githubusercontent.com/elastic/elasticsearch/v1.7.6/rest-api-spec/api/indices.flush_synced.json
55. fetched raw.githubusercontent.com/elastic/elasticsearch/v1.7.6/rest-api-spec/api/indices.get_alias.json
52. fetched raw.githubusercontent.com/elastic/elasticsearch/v1.7.6/rest-api-spec/api/indices.flush.json
56. fetched raw.githubusercontent.com/elastic/elasticsearch/v1.7.6/rest-api-spec/api/indices.get_aliases.json
57. fetched raw.githubusercontent.com/elastic/elasticsearch/v1.7.6/rest-api-spec/api/indices.get_field_mapping.json
58. fetched raw.githubusercontent.com/elastic/elasticsearch/v1.7.6/rest-api-spec/api/indices.get_mapping.json
59. fetched raw.githubusercontent.com/elastic/elasticsearch/v1.7.6/rest-api-spec/api/indices.get_settings.json
61. fetched raw.githubusercontent.com/elastic/elasticsearch/v1.7.6/rest-api-spec/api/indices.get_upgrade.json
62. fetched raw.githubusercontent.com/elastic/elasticsearch/v1.7.6/rest-api-spec/api/indices.get_warmer.json
63. fetched raw.githubusercontent.com/elastic/elasticsearch/v1.7.6/rest-api-spec/api/indices.open.json
60. fetched raw.githubusercontent.com/elastic/elasticsearch/v1.7.6/rest-api-spec/api/indices.get_template.json
64. fetched raw.githubusercontent.com/elastic/elasticsearch/v1.7.6/rest-api-spec/api/indices.optimize.json
66. fetched raw.githubusercontent.com/elastic/elasticsearch/v1.7.6/rest-api-spec/api/indices.put_mapping.json
65. fetched raw.githubusercontent.com/elastic/elasticsearch/v1.7.6/rest-api-spec/api/indices.put_alias.json
69. fetched raw.githubusercontent.com/elastic/elasticsearch/v1.7.6/rest-api-spec/api/indices.put_warmer.json
67. fetched raw.githubusercontent.com/elastic/elasticsearch/v1.7.6/rest-api-spec/api/indices.put_settings.json
70. fetched raw.githubusercontent.com/elastic/elasticsearch/v1.7.6/rest-api-spec/api/indices.recovery.json
68. fetched raw.githubusercontent.com/elastic/elasticsearch/v1.7.6/rest-api-spec/api/indices.put_template.json
71. fetched raw.githubusercontent.com/elastic/elasticsearch/v1.7.6/rest-api-spec/api/indices.refresh.json
75. fetched raw.githubusercontent.com/elastic/elasticsearch/v1.7.6/rest-api-spec/api/indices.update_aliases.json
74. fetched raw.githubusercontent.com/elastic/elasticsearch/v1.7.6/rest-api-spec/api/indices.status.json
73. fetched raw.githubusercontent.com/elastic/elasticsearch/v1.7.6/rest-api-spec/api/indices.stats.json
72. fetched raw.githubusercontent.com/elastic/elasticsearch/v1.7.6/rest-api-spec/api/indices.segments.json
76. fetched raw.githubusercontent.com/elastic/elasticsearch/v1.7.6/rest-api-spec/api/indices.upgrade.json
77. fetched raw.githubusercontent.com/elastic/elasticsearch/v1.7.6/rest-api-spec/api/indices.validate_query.json
78. fetched raw.githubusercontent.com/elastic/elasticsearch/v1.7.6/rest-api-spec/api/info.json
84. fetched raw.githubusercontent.com/elastic/elasticsearch/v1.7.6/rest-api-spec/api/nodes.hot_threads.json
81. fetched raw.githubusercontent.com/elastic/elasticsearch/v1.7.6/rest-api-spec/api/mpercolate.json
80. fetched raw.githubusercontent.com/elastic/elasticsearch/v1.7.6/rest-api-spec/api/mlt.json
79. fetched raw.githubusercontent.com/elastic/elasticsearch/v1.7.6/rest-api-spec/api/mget.json
82. fetched raw.githubusercontent.com/elastic/elasticsearch/v1.7.6/rest-api-spec/api/msearch.json
83. fetched raw.githubusercontent.com/elastic/elasticsearch/v1.7.6/rest-api-spec/api/mtermvectors.json
88. fetched raw.githubusercontent.com/elastic/elasticsearch/v1.7.6/rest-api-spec/api/percolate.json
86. fetched raw.githubusercontent.com/elastic/elasticsearch/v1.7.6/rest-api-spec/api/nodes.shutdown.json
87. fetched raw.githubusercontent.com/elastic/elasticsearch/v1.7.6/rest-api-spec/api/nodes.stats.json
89. fetched raw.githubusercontent.com/elastic/elasticsearch/v1.7.6/rest-api-spec/api/ping.json
85. fetched raw.githubusercontent.com/elastic/elasticsearch/v1.7.6/rest-api-spec/api/nodes.info.json
90. fetched raw.githubusercontent.com/elastic/elasticsearch/v1.7.6/rest-api-spec/api/put_script.json
91. fetched raw.githubusercontent.com/elastic/elasticsearch/v1.7.6/rest-api-spec/api/put_template.json
95. fetched raw.githubusercontent.com/elastic/elasticsearch/v1.7.6/rest-api-spec/api/search_shards.json
97. fetched raw.githubusercontent.com/elastic/elasticsearch/v1.7.6/rest-api-spec/api/snapshot.create.json
92. fetched raw.githubusercontent.com/elastic/elasticsearch/v1.7.6/rest-api-spec/api/scroll.json
93. fetched raw.githubusercontent.com/elastic/elasticsearch/v1.7.6/rest-api-spec/api/search.json
98. fetched raw.githubusercontent.com/elastic/elasticsearch/v1.7.6/rest-api-spec/api/snapshot.create_repository.json
96. fetched raw.githubusercontent.com/elastic/elasticsearch/v1.7.6/rest-api-spec/api/search_template.json
94. fetched raw.githubusercontent.com/elastic/elasticsearch/v1.7.6/rest-api-spec/api/search_exists.json
101. fetched raw.githubusercontent.com/elastic/elasticsearch/v1.7.6/rest-api-spec/api/snapshot.get.json
102. fetched raw.githubusercontent.com/elastic/elasticsearch/v1.7.6/rest-api-spec/api/snapshot.get_repository.json
105. fetched raw.githubusercontent.com/elastic/elasticsearch/v1.7.6/rest-api-spec/api/snapshot.verify_repository.json
103. fetched raw.githubusercontent.com/elastic/elasticsearch/v1.7.6/rest-api-spec/api/snapshot.restore.json
104. fetched raw.githubusercontent.com/elastic/elasticsearch/v1.7.6/rest-api-spec/api/snapshot.status.json
100. fetched raw.githubusercontent.com/elastic/elasticsearch/v1.7.6/rest-api-spec/api/snapshot.delete_repository.json
99. fetched raw.githubusercontent.com/elastic/elasticsearch/v1.7.6/rest-api-spec/api/snapshot.delete.json
108. fetched raw.githubusercontent.com/elastic/elasticsearch/v1.7.6/rest-api-spec/api/update.json
106. fetched raw.githubusercontent.com/elastic/elasticsearch/v1.7.6/rest-api-spec/api/suggest.json
107. fetched raw.githubusercontent.com/elastic/elasticsearch/v1.7.6/rest-api-spec/api/termvector.json
